2018-01-14 18:12:15,683 [      0]   INFO -        #com.intellij.idea.Main - ------------------------------------------------------ IDE STARTED ------------------------------------------------------ 
2018-01-14 18:12:15,693 [     10]   INFO -     #com.intellij.util.ui.JBUI - User scale factor: 1.0 
2018-01-14 18:12:15,693 [     10]   INFO -     #com.intellij.util.ui.JBUI - System scale factor: 1.25 (IDE-managed HiDPI) 
2018-01-14 18:12:15,701 [     18]   INFO -        #com.intellij.idea.Main - IDE: IntelliJ IDEA (build #IC-173.4127.27, 25 Dec 2017 12:15) 
2018-01-14 18:12:15,701 [     18]   INFO -        #com.intellij.idea.Main - OS: Linux (4.14.11-300.fc27.x86_64, amd64) 
2018-01-14 18:12:15,701 [     18]   INFO -        #com.intellij.idea.Main - JRE: 1.8.0_152-b16 (Oracle Corporation) 
2018-01-14 18:12:15,701 [     18]   INFO -        #com.intellij.idea.Main - JVM: 25.152-b16 (Java HotSpot(TM) 64-Bit Server VM) 
2018-01-14 18:12:15,704 [     21]   INFO -        #com.intellij.idea.Main - JVM Args: -Didea.classpath.index.enabled=false -Didea.config.path=/home/tburgess/IdeaProjects/NewBlock/build/idea-sandbox/config -Didea.is.internal=true -Didea.platform.prefix=Idea -Didea.plugins.path=/home/tburgess/IdeaProjects/NewBlock/build/idea-sandbox/plugins -Didea.required.plugins.id=com.toddburgessmedia.newblock -Didea.system.path=/home/tburgess/IdeaProjects/NewBlock/build/idea-sandbox/system -Dsun.awt.disablegrab=true -Xbootclasspath/a:/home/tburgess/.gradle/caches/modules-2/files-2.1/com.jetbrains.intellij.idea/ideaIC/2017.3.2/6af5f3c1dca02a18bee2439e9e842a1bfcadaf23/ideaIC-2017.3.2/lib/boot.jar -XX:MaxPermSize=250m -Xms256m -Xmx512m -Dfile.encoding=UTF-8 -Duser.country=CA -Duser.language=en -Duser.variant -ea 
2018-01-14 18:12:15,706 [     23]   INFO -        #com.intellij.idea.Main - ForkJoinPool.commonPool: java.util.concurrent.ForkJoinPool@61a1401a[Running, parallelism = 3, size = 0, active = 0, running = 0, steals = 0, tasks = 0, submissions = 0] 
2018-01-14 18:12:15,706 [     23]   INFO -        #com.intellij.idea.Main - ext: /opt/jdk1.8.0_152/jre/lib/ext: [dnsns.jar, sunjce_provider.jar, sunec.jar, meta-index, localedata.jar, jfxrt.jar, cldrdata.jar, nashorn.jar, sunpkcs11.jar, zipfs.jar, jaccess.jar] 
2018-01-14 18:12:15,707 [     24]   INFO -        #com.intellij.idea.Main - JNU charset: UTF-8 
2018-01-14 18:12:15,733 [     50]   INFO -        #com.intellij.idea.Main - JNA library (64-bit) loaded in 26 ms 
2018-01-14 18:12:16,009 [    326]   INFO - .intellij.idea.IdeaApplication - WM detected: GNOME Shell 
2018-01-14 18:12:16,011 [    328]   INFO - llij.openapi.wm.impl.X11UiUtil - impersonated WM: MUTTER_WM 
2018-01-14 18:12:16,671 [    988]   INFO - llij.ide.plugins.PluginManager - Cannot find optional descriptor duplicates-groovy.xml 
2018-01-14 18:12:17,185 [   1502]   INFO - llij.ide.plugins.PluginManager - 34 plugins initialized in 800 ms 
2018-01-14 18:12:17,188 [   1505]   INFO - llij.ide.plugins.PluginManager - Loaded bundled plugins: Android Support (10.2.3), Ant Support (1.0), Bytecode Viewer (0.1), CVS Integration (11), Copyright (8.1), Coverage (173.4127.27), Eclipse Integration (3.0), EditorConfig (173.4127.27), Git Integration (8.1), GitHub (173.4127.27), Gradle (173.4127.27), Groovy (9.0), I18n for Java (173.4127.27), IDEA CORE (173.4127.27), IntelliLang (8.0), JUnit (1.0), Java Bytecode Decompiler (173.4127.27), Java Stream Debugger (173.4127.27), JavaFX (1.0), Kotlin (1.2.10-release-IJ2017.3-1), Maven Integration (173.4127.27), Mercurial Integration (10.0), Plugin DevKit (1.0), Properties Support (173.4127.27), Settings Repository (173.4127.27), Subversion Integration (1.1), Task Management (1.0), Terminal (0.1), TestNG-J (8.0), UI Designer (173.4127.27), XPathView + XSLT Support (4), XSLT-Debugger (1.4), YAML (173.4127.27) 
2018-01-14 18:12:17,188 [   1505]   INFO - llij.ide.plugins.PluginManager - Loaded custom plugins: Plugin display name here (1.0-SNAPSHOT) 
2018-01-14 18:12:18,401 [   2718]   INFO - ellij.vfs.persistent.FSRecords - Marking VFS as corrupted: '/home/tburgess/IdeaProjects/NewBlock/build/idea-sandbox/system/caches/names.dat' does not exist 
2018-01-14 18:12:18,403 [   2720]   INFO - ellij.util.io.PagedFileStorage - lower=100; upper=435; buffer=10; max=435 
2018-01-14 18:12:18,459 [   2776]   INFO - pl.local.NativeFileWatcherImpl - Starting file watcher: /home/tburgess/.gradle/caches/modules-2/files-2.1/com.jetbrains.intellij.idea/ideaIC/2017.3.2/6af5f3c1dca02a18bee2439e9e842a1bfcadaf23/ideaIC-2017.3.2/bin/linux/fsnotifier64 
2018-01-14 18:12:18,489 [   2806]   INFO - pl.local.NativeFileWatcherImpl - Native file watcher is operational. 
2018-01-14 18:12:19,522 [   3839]   INFO - .history.utils.LocalHistoryLog - local history version mismatch (was: 0, expected: 6), rebuilding... 
2018-01-14 18:12:19,523 [   3840]   INFO - .history.utils.LocalHistoryLog - FS has been rebuild, rebuilding local history... 
2018-01-14 18:12:19,692 [   4009]   INFO - .openapi.application.Preloader - Finished preloading com.intellij.ide.ui.OptionsTopHitProvider$Activity@4960f53e 
2018-01-14 18:12:20,066 [   4383]   INFO - til.net.ssl.CertificateManager - Default SSL context initialized 
2018-01-14 18:12:20,239 [   4556]   INFO - rains.ide.BuiltInServerManager - built-in server started, port 63343 
2018-01-14 18:12:20,355 [   4672]   INFO - gs.impl.UpdateCheckerComponent - channel: release 
2018-01-14 18:12:20,794 [   5111]   INFO - il.indexing.FileBasedIndexImpl - Index exts enumerated:352 
2018-01-14 18:12:20,807 [   5124]   INFO - il.indexing.FileBasedIndexImpl - Index scheduled:13 
2018-01-14 18:12:20,884 [   5201]   INFO - tellij.psi.stubs.StubIndexImpl - All stub exts enumerated:73 
2018-01-14 18:12:20,886 [   5203]   INFO - tellij.psi.stubs.StubIndexImpl - stub exts update scheduled:1 
2018-01-14 18:12:21,808 [   6125]   INFO - ij.psi.stubs.StubUpdatingIndex - Following new file types will be indexed:CLASS,HTML,Kotlin,kotlin_builtins,XML,Groovy,Properties,KJSM,JAVA 
2018-01-14 18:12:22,302 [   6619]   INFO - il.indexing.FileBasedIndexImpl - Rebuild requested for index org.jetbrains.kotlin.idea.versions.KotlinJvmMetadataVersionIndex 
java.lang.Throwable
	at com.intellij.util.indexing.FileBasedIndex.requestRebuild(FileBasedIndex.java:68)
	at org.jetbrains.kotlin.idea.versions.KotlinUpdatePluginComponent.initComponent(KotlinUpdatePluginComponent.kt:54)
	at com.intellij.openapi.components.impl.ComponentManagerImpl$ComponentConfigComponentAdapter.getComponentInstance(ComponentManagerImpl.java:497)
	at com.intellij.openapi.components.impl.ComponentManagerImpl.createComponents(ComponentManagerImpl.java:119)
	at com.intellij.openapi.application.impl.ApplicationImpl.lambda$createComponents$9(ApplicationImpl.java:447)
	at com.intellij.openapi.progress.impl.CoreProgressManager.lambda$runProcess$1(CoreProgressManager.java:157)
	at com.intellij.openapi.progress.impl.CoreProgressManager.registerIndicatorAndRun(CoreProgressManager.java:543)
	at com.intellij.openapi.progress.impl.CoreProgressManager.executeProcessUnderProgress(CoreProgressManager.java:488)
	at com.intellij.openapi.progress.impl.ProgressManagerImpl.executeProcessUnderProgress(ProgressManagerImpl.java:94)
	at com.intellij.openapi.progress.impl.CoreProgressManager.runProcess(CoreProgressManager.java:144)
	at com.intellij.openapi.application.impl.ApplicationImpl.createComponents(ApplicationImpl.java:454)
	at com.intellij.openapi.components.impl.ComponentManagerImpl.init(ComponentManagerImpl.java:103)
	at com.intellij.openapi.application.impl.ApplicationImpl.load(ApplicationImpl.java:406)
	at com.intellij.openapi.application.impl.ApplicationImpl.load(ApplicationImpl.java:392)
	at com.intellij.idea.IdeaApplication.run(IdeaApplication.java:203)
	at com.intellij.idea.MainImpl$1.lambda$null$0(MainImpl.java:49)
	at java.awt.event.InvocationEvent.dispatch(InvocationEvent.java:311)
	at java.awt.EventQueue.dispatchEventImpl(EventQueue.java:756)
	at java.awt.EventQueue.access$500(EventQueue.java:97)
	at java.awt.EventQueue$3.run(EventQueue.java:709)
	at java.awt.EventQueue$3.run(EventQueue.java:703)
	at java.security.AccessController.doPrivileged(Native Method)
	at java.security.ProtectionDomain$JavaSecurityAccessImpl.doIntersectionPrivilege(ProtectionDomain.java:80)
	at java.awt.EventQueue.dispatchEvent(EventQueue.java:726)
	at com.intellij.ide.IdeEventQueue.dispatchEvent(IdeEventQueue.java:346)
	at java.awt.EventDispatchThread.pumpOneEventForFilters(EventDispatchThread.java:201)
	at java.awt.EventDispatchThread.pumpEventsForFilter(EventDispatchThread.java:116)
	at java.awt.EventDispatchThread.pumpEventsForHierarchy(EventDispatchThread.java:105)
	at java.awt.EventDispatchThread.pumpEvents(EventDispatchThread.java:101)
	at java.awt.EventDispatchThread.pumpEvents(EventDispatchThread.java:93)
	at java.awt.EventDispatchThread.run(EventDispatchThread.java:82)
2018-01-14 18:12:22,316 [   6633]   INFO - il.indexing.FileBasedIndexImpl - Rebuild requested for index org.jetbrains.kotlin.idea.versions.KotlinJsMetadataVersionIndex 
java.lang.Throwable
	at com.intellij.util.indexing.FileBasedIndex.requestRebuild(FileBasedIndex.java:68)
	at org.jetbrains.kotlin.idea.versions.KotlinUpdatePluginComponent.initComponent(KotlinUpdatePluginComponent.kt:55)
	at com.intellij.openapi.components.impl.ComponentManagerImpl$ComponentConfigComponentAdapter.getComponentInstance(ComponentManagerImpl.java:497)
	at com.intellij.openapi.components.impl.ComponentManagerImpl.createComponents(ComponentManagerImpl.java:119)
	at com.intellij.openapi.application.impl.ApplicationImpl.lambda$createComponents$9(ApplicationImpl.java:447)
	at com.intellij.openapi.progress.impl.CoreProgressManager.lambda$runProcess$1(CoreProgressManager.java:157)
	at com.intellij.openapi.progress.impl.CoreProgressManager.registerIndicatorAndRun(CoreProgressManager.java:543)
	at com.intellij.openapi.progress.impl.CoreProgressManager.executeProcessUnderProgress(CoreProgressManager.java:488)
	at com.intellij.openapi.progress.impl.ProgressManagerImpl.executeProcessUnderProgress(ProgressManagerImpl.java:94)
	at com.intellij.openapi.progress.impl.CoreProgressManager.runProcess(CoreProgressManager.java:144)
	at com.intellij.openapi.application.impl.ApplicationImpl.createComponents(ApplicationImpl.java:454)
	at com.intellij.openapi.components.impl.ComponentManagerImpl.init(ComponentManagerImpl.java:103)
	at com.intellij.openapi.application.impl.ApplicationImpl.load(ApplicationImpl.java:406)
	at com.intellij.openapi.application.impl.ApplicationImpl.load(ApplicationImpl.java:392)
	at com.intellij.idea.IdeaApplication.run(IdeaApplication.java:203)
	at com.intellij.idea.MainImpl$1.lambda$null$0(MainImpl.java:49)
	at java.awt.event.InvocationEvent.dispatch(InvocationEvent.java:311)
	at java.awt.EventQueue.dispatchEventImpl(EventQueue.java:756)
	at java.awt.EventQueue.access$500(EventQueue.java:97)
	at java.awt.EventQueue$3.run(EventQueue.java:709)
	at java.awt.EventQueue$3.run(EventQueue.java:703)
	at java.security.AccessController.doPrivileged(Native Method)
	at java.security.ProtectionDomain$JavaSecurityAccessImpl.doIntersectionPrivilege(ProtectionDomain.java:80)
	at java.awt.EventQueue.dispatchEvent(EventQueue.java:726)
	at com.intellij.ide.IdeEventQueue.dispatchEvent(IdeEventQueue.java:346)
	at java.awt.EventDispatchThread.pumpOneEventForFilters(EventDispatchThread.java:201)
	at java.awt.EventDispatchThread.pumpEventsForFilter(EventDispatchThread.java:116)
	at java.awt.EventDispatchThread.pumpEventsForHierarchy(EventDispatchThread.java:105)
	at java.awt.EventDispatchThread.pumpEvents(EventDispatchThread.java:101)
	at java.awt.EventDispatchThread.pumpEvents(EventDispatchThread.java:93)
	at java.awt.EventDispatchThread.run(EventDispatchThread.java:82)
2018-01-14 18:12:22,321 [   6638]   INFO - il.indexing.FileBasedIndexImpl - Rebuild requested for index org.jetbrains.kotlin.idea.vfilefinder.KotlinClassFileIndex 
java.lang.Throwable
	at com.intellij.util.indexing.FileBasedIndex.requestRebuild(FileBasedIndex.java:68)
	at org.jetbrains.kotlin.idea.versions.KotlinUpdatePluginComponent.initComponent(KotlinUpdatePluginComponent.kt:56)
	at com.intellij.openapi.components.impl.ComponentManagerImpl$ComponentConfigComponentAdapter.getComponentInstance(ComponentManagerImpl.java:497)
	at com.intellij.openapi.components.impl.ComponentManagerImpl.createComponents(ComponentManagerImpl.java:119)
	at com.intellij.openapi.application.impl.ApplicationImpl.lambda$createComponents$9(ApplicationImpl.java:447)
	at com.intellij.openapi.progress.impl.CoreProgressManager.lambda$runProcess$1(CoreProgressManager.java:157)
	at com.intellij.openapi.progress.impl.CoreProgressManager.registerIndicatorAndRun(CoreProgressManager.java:543)
	at com.intellij.openapi.progress.impl.CoreProgressManager.executeProcessUnderProgress(CoreProgressManager.java:488)
	at com.intellij.openapi.progress.impl.ProgressManagerImpl.executeProcessUnderProgress(ProgressManagerImpl.java:94)
	at com.intellij.openapi.progress.impl.CoreProgressManager.runProcess(CoreProgressManager.java:144)
	at com.intellij.openapi.application.impl.ApplicationImpl.createComponents(ApplicationImpl.java:454)
	at com.intellij.openapi.components.impl.ComponentManagerImpl.init(ComponentManagerImpl.java:103)
	at com.intellij.openapi.application.impl.ApplicationImpl.load(ApplicationImpl.java:406)
	at com.intellij.openapi.application.impl.ApplicationImpl.load(ApplicationImpl.java:392)
	at com.intellij.idea.IdeaApplication.run(IdeaApplication.java:203)
	at com.intellij.idea.MainImpl$1.lambda$null$0(MainImpl.java:49)
	at java.awt.event.InvocationEvent.dispatch(InvocationEvent.java:311)
	at java.awt.EventQueue.dispatchEventImpl(EventQueue.java:756)
	at java.awt.EventQueue.access$500(EventQueue.java:97)
	at java.awt.EventQueue$3.run(EventQueue.java:709)
	at java.awt.EventQueue$3.run(EventQueue.java:703)
	at java.security.AccessController.doPrivileged(Native Method)
	at java.security.ProtectionDomain$JavaSecurityAccessImpl.doIntersectionPrivilege(ProtectionDomain.java:80)
	at java.awt.EventQueue.dispatchEvent(EventQueue.java:726)
	at com.intellij.ide.IdeEventQueue.dispatchEvent(IdeEventQueue.java:346)
	at java.awt.EventDispatchThread.pumpOneEventForFilters(EventDispatchThread.java:201)
	at java.awt.EventDispatchThread.pumpEventsForFilter(EventDispatchThread.java:116)
	at java.awt.EventDispatchThread.pumpEventsForHierarchy(EventDispatchThread.java:105)
	at java.awt.EventDispatchThread.pumpEvents(EventDispatchThread.java:101)
	at java.awt.EventDispatchThread.pumpEvents(EventDispatchThread.java:93)
	at java.awt.EventDispatchThread.run(EventDispatchThread.java:82)
2018-01-14 18:12:22,328 [   6645]   INFO - il.indexing.FileBasedIndexImpl - Rebuild requested for index org.jetbrains.kotlin.idea.vfilefinder.KotlinJavaScriptMetaFileIndex 
java.lang.Throwable
	at com.intellij.util.indexing.FileBasedIndex.requestRebuild(FileBasedIndex.java:68)
	at org.jetbrains.kotlin.idea.versions.KotlinUpdatePluginComponent.initComponent(KotlinUpdatePluginComponent.kt:57)
	at com.intellij.openapi.components.impl.ComponentManagerImpl$ComponentConfigComponentAdapter.getComponentInstance(ComponentManagerImpl.java:497)
	at com.intellij.openapi.components.impl.ComponentManagerImpl.createComponents(ComponentManagerImpl.java:119)
	at com.intellij.openapi.application.impl.ApplicationImpl.lambda$createComponents$9(ApplicationImpl.java:447)
	at com.intellij.openapi.progress.impl.CoreProgressManager.lambda$runProcess$1(CoreProgressManager.java:157)
	at com.intellij.openapi.progress.impl.CoreProgressManager.registerIndicatorAndRun(CoreProgressManager.java:543)
	at com.intellij.openapi.progress.impl.CoreProgressManager.executeProcessUnderProgress(CoreProgressManager.java:488)
	at com.intellij.openapi.progress.impl.ProgressManagerImpl.executeProcessUnderProgress(ProgressManagerImpl.java:94)
	at com.intellij.openapi.progress.impl.CoreProgressManager.runProcess(CoreProgressManager.java:144)
	at com.intellij.openapi.application.impl.ApplicationImpl.createComponents(ApplicationImpl.java:454)
	at com.intellij.openapi.components.impl.ComponentManagerImpl.init(ComponentManagerImpl.java:103)
	at com.intellij.openapi.application.impl.ApplicationImpl.load(ApplicationImpl.java:406)
	at com.intellij.openapi.application.impl.ApplicationImpl.load(ApplicationImpl.java:392)
	at com.intellij.idea.IdeaApplication.run(IdeaApplication.java:203)
	at com.intellij.idea.MainImpl$1.lambda$null$0(MainImpl.java:49)
	at java.awt.event.InvocationEvent.dispatch(InvocationEvent.java:311)
	at java.awt.EventQueue.dispatchEventImpl(EventQueue.java:756)
	at java.awt.EventQueue.access$500(EventQueue.java:97)
	at java.awt.EventQueue$3.run(EventQueue.java:709)
	at java.awt.EventQueue$3.run(EventQueue.java:703)
	at java.security.AccessController.doPrivileged(Native Method)
	at java.security.ProtectionDomain$JavaSecurityAccessImpl.doIntersectionPrivilege(ProtectionDomain.java:80)
	at java.awt.EventQueue.dispatchEvent(EventQueue.java:726)
	at com.intellij.ide.IdeEventQueue.dispatchEvent(IdeEventQueue.java:346)
	at java.awt.EventDispatchThread.pumpOneEventForFilters(EventDispatchThread.java:201)
	at java.awt.EventDispatchThread.pumpEventsForFilter(EventDispatchThread.java:116)
	at java.awt.EventDispatchThread.pumpEventsForHierarchy(EventDispatchThread.java:105)
	at java.awt.EventDispatchThread.pumpEvents(EventDispatchThread.java:101)
	at java.awt.EventDispatchThread.pumpEvents(EventDispatchThread.java:93)
	at java.awt.EventDispatchThread.run(EventDispatchThread.java:82)
2018-01-14 18:12:22,333 [   6650]   INFO - il.indexing.FileBasedIndexImpl - Rebuild requested for index org.jetbrains.kotlin.idea.vfilefinder.KotlinMetadataFileIndex 
java.lang.Throwable
	at com.intellij.util.indexing.FileBasedIndex.requestRebuild(FileBasedIndex.java:68)
	at org.jetbrains.kotlin.idea.versions.KotlinUpdatePluginComponent.initComponent(KotlinUpdatePluginComponent.kt:58)
	at com.intellij.openapi.components.impl.ComponentManagerImpl$ComponentConfigComponentAdapter.getComponentInstance(ComponentManagerImpl.java:497)
	at com.intellij.openapi.components.impl.ComponentManagerImpl.createComponents(ComponentManagerImpl.java:119)
	at com.intellij.openapi.application.impl.ApplicationImpl.lambda$createComponents$9(ApplicationImpl.java:447)
	at com.intellij.openapi.progress.impl.CoreProgressManager.lambda$runProcess$1(CoreProgressManager.java:157)
	at com.intellij.openapi.progress.impl.CoreProgressManager.registerIndicatorAndRun(CoreProgressManager.java:543)
	at com.intellij.openapi.progress.impl.CoreProgressManager.executeProcessUnderProgress(CoreProgressManager.java:488)
	at com.intellij.openapi.progress.impl.ProgressManagerImpl.executeProcessUnderProgress(ProgressManagerImpl.java:94)
	at com.intellij.openapi.progress.impl.CoreProgressManager.runProcess(CoreProgressManager.java:144)
	at com.intellij.openapi.application.impl.ApplicationImpl.createComponents(ApplicationImpl.java:454)
	at com.intellij.openapi.components.impl.ComponentManagerImpl.init(ComponentManagerImpl.java:103)
	at com.intellij.openapi.application.impl.ApplicationImpl.load(ApplicationImpl.java:406)
	at com.intellij.openapi.application.impl.ApplicationImpl.load(ApplicationImpl.java:392)
	at com.intellij.idea.IdeaApplication.run(IdeaApplication.java:203)
	at com.intellij.idea.MainImpl$1.lambda$null$0(MainImpl.java:49)
	at java.awt.event.InvocationEvent.dispatch(InvocationEvent.java:311)
	at java.awt.EventQueue.dispatchEventImpl(EventQueue.java:756)
	at java.awt.EventQueue.access$500(EventQueue.java:97)
	at java.awt.EventQueue$3.run(EventQueue.java:709)
	at java.awt.EventQueue$3.run(EventQueue.java:703)
	at java.security.AccessController.doPrivileged(Native Method)
	at java.security.ProtectionDomain$JavaSecurityAccessImpl.doIntersectionPrivilege(ProtectionDomain.java:80)
	at java.awt.EventQueue.dispatchEvent(EventQueue.java:726)
	at com.intellij.ide.IdeEventQueue.dispatchEvent(IdeEventQueue.java:346)
	at java.awt.EventDispatchThread.pumpOneEventForFilters(EventDispatchThread.java:201)
	at java.awt.EventDispatchThread.pumpEventsForFilter(EventDispatchThread.java:116)
	at java.awt.EventDispatchThread.pumpEventsForHierarchy(EventDispatchThread.java:105)
	at java.awt.EventDispatchThread.pumpEvents(EventDispatchThread.java:101)
	at java.awt.EventDispatchThread.pumpEvents(EventDispatchThread.java:93)
	at java.awt.EventDispatchThread.run(EventDispatchThread.java:82)
2018-01-14 18:12:22,339 [   6656]   INFO - il.indexing.FileBasedIndexImpl - Rebuild requested for index org.jetbrains.kotlin.idea.vfilefinder.KotlinMetadataFilePackageIndex 
java.lang.Throwable
	at com.intellij.util.indexing.FileBasedIndex.requestRebuild(FileBasedIndex.java:68)
	at org.jetbrains.kotlin.idea.versions.KotlinUpdatePluginComponent.initComponent(KotlinUpdatePluginComponent.kt:59)
	at com.intellij.openapi.components.impl.ComponentManagerImpl$ComponentConfigComponentAdapter.getComponentInstance(ComponentManagerImpl.java:497)
	at com.intellij.openapi.components.impl.ComponentManagerImpl.createComponents(ComponentManagerImpl.java:119)
	at com.intellij.openapi.application.impl.ApplicationImpl.lambda$createComponents$9(ApplicationImpl.java:447)
	at com.intellij.openapi.progress.impl.CoreProgressManager.lambda$runProcess$1(CoreProgressManager.java:157)
	at com.intellij.openapi.progress.impl.CoreProgressManager.registerIndicatorAndRun(CoreProgressManager.java:543)
	at com.intellij.openapi.progress.impl.CoreProgressManager.executeProcessUnderProgress(CoreProgressManager.java:488)
	at com.intellij.openapi.progress.impl.ProgressManagerImpl.executeProcessUnderProgress(ProgressManagerImpl.java:94)
	at com.intellij.openapi.progress.impl.CoreProgressManager.runProcess(CoreProgressManager.java:144)
	at com.intellij.openapi.application.impl.ApplicationImpl.createComponents(ApplicationImpl.java:454)
	at com.intellij.openapi.components.impl.ComponentManagerImpl.init(ComponentManagerImpl.java:103)
	at com.intellij.openapi.application.impl.ApplicationImpl.load(ApplicationImpl.java:406)
	at com.intellij.openapi.application.impl.ApplicationImpl.load(ApplicationImpl.java:392)
	at com.intellij.idea.IdeaApplication.run(IdeaApplication.java:203)
	at com.intellij.idea.MainImpl$1.lambda$null$0(MainImpl.java:49)
	at java.awt.event.InvocationEvent.dispatch(InvocationEvent.java:311)
	at java.awt.EventQueue.dispatchEventImpl(EventQueue.java:756)
	at java.awt.EventQueue.access$500(EventQueue.java:97)
	at java.awt.EventQueue$3.run(EventQueue.java:709)
	at java.awt.EventQueue$3.run(EventQueue.java:703)
	at java.security.AccessController.doPrivileged(Native Method)
	at java.security.ProtectionDomain$JavaSecurityAccessImpl.doIntersectionPrivilege(ProtectionDomain.java:80)
	at java.awt.EventQueue.dispatchEvent(EventQueue.java:726)
	at com.intellij.ide.IdeEventQueue.dispatchEvent(IdeEventQueue.java:346)
	at java.awt.EventDispatchThread.pumpOneEventForFilters(EventDispatchThread.java:201)
	at java.awt.EventDispatchThread.pumpEventsForFilter(EventDispatchThread.java:116)
	at java.awt.EventDispatchThread.pumpEventsForHierarchy(EventDispatchThread.java:105)
	at java.awt.EventDispatchThread.pumpEvents(EventDispatchThread.java:101)
	at java.awt.EventDispatchThread.pumpEvents(EventDispatchThread.java:93)
	at java.awt.EventDispatchThread.run(EventDispatchThread.java:82)
2018-01-14 18:12:22,346 [   6663]   INFO - il.indexing.FileBasedIndexImpl - Rebuild requested for index org.jetbrains.kotlin.idea.vfilefinder.KotlinModuleMappingIndex 
java.lang.Throwable
	at com.intellij.util.indexing.FileBasedIndex.requestRebuild(FileBasedIndex.java:68)
	at org.jetbrains.kotlin.idea.versions.KotlinUpdatePluginComponent.initComponent(KotlinUpdatePluginComponent.kt:60)
	at com.intellij.openapi.components.impl.ComponentManagerImpl$ComponentConfigComponentAdapter.getComponentInstance(ComponentManagerImpl.java:497)
	at com.intellij.openapi.components.impl.ComponentManagerImpl.createComponents(ComponentManagerImpl.java:119)
	at com.intellij.openapi.application.impl.ApplicationImpl.lambda$createComponents$9(ApplicationImpl.java:447)
	at com.intellij.openapi.progress.impl.CoreProgressManager.lambda$runProcess$1(CoreProgressManager.java:157)
	at com.intellij.openapi.progress.impl.CoreProgressManager.registerIndicatorAndRun(CoreProgressManager.java:543)
	at com.intellij.openapi.progress.impl.CoreProgressManager.executeProcessUnderProgress(CoreProgressManager.java:488)
	at com.intellij.openapi.progress.impl.ProgressManagerImpl.executeProcessUnderProgress(ProgressManagerImpl.java:94)
	at com.intellij.openapi.progress.impl.CoreProgressManager.runProcess(CoreProgressManager.java:144)
	at com.intellij.openapi.application.impl.ApplicationImpl.createComponents(ApplicationImpl.java:454)
	at com.intellij.openapi.components.impl.ComponentManagerImpl.init(ComponentManagerImpl.java:103)
	at com.intellij.openapi.application.impl.ApplicationImpl.load(ApplicationImpl.java:406)
	at com.intellij.openapi.application.impl.ApplicationImpl.load(ApplicationImpl.java:392)
	at com.intellij.idea.IdeaApplication.run(IdeaApplication.java:203)
	at com.intellij.idea.MainImpl$1.lambda$null$0(MainImpl.java:49)
	at java.awt.event.InvocationEvent.dispatch(InvocationEvent.java:311)
	at java.awt.EventQueue.dispatchEventImpl(EventQueue.java:756)
	at java.awt.EventQueue.access$500(EventQueue.java:97)
	at java.awt.EventQueue$3.run(EventQueue.java:709)
	at java.awt.EventQueue$3.run(EventQueue.java:703)
	at java.security.AccessController.doPrivileged(Native Method)
	at java.security.ProtectionDomain$JavaSecurityAccessImpl.doIntersectionPrivilege(ProtectionDomain.java:80)
	at java.awt.EventQueue.dispatchEvent(EventQueue.java:726)
	at com.intellij.ide.IdeEventQueue.dispatchEvent(IdeEventQueue.java:346)
	at java.awt.EventDispatchThread.pumpOneEventForFilters(EventDispatchThread.java:201)
	at java.awt.EventDispatchThread.pumpEventsForFilter(EventDispatchThread.java:116)
	at java.awt.EventDispatchThread.pumpEventsForHierarchy(EventDispatchThread.java:105)
	at java.awt.EventDispatchThread.pumpEvents(EventDispatchThread.java:101)
	at java.awt.EventDispatchThread.pumpEvents(EventDispatchThread.java:93)
	at java.awt.EventDispatchThread.run(EventDispatchThread.java:82)
2018-01-14 18:12:22,352 [   6669]   INFO - plication.impl.ApplicationImpl - 86 application components initialized in 5974ms 
2018-01-14 18:12:22,402 [   6719]   INFO - .intellij.idea.IdeaApplication - App initialization took 8314 ms 
2018-01-14 18:12:22,405 [   6722]   INFO - llij.ide.plugins.PluginManager - org.jetbrains.kotlin loaded 767 classes 
2018-01-14 18:12:22,405 [   6722]   INFO - llij.ide.plugins.PluginManager - org.jetbrains.android loaded 230 classes 
2018-01-14 18:12:22,405 [   6722]   INFO - llij.ide.plugins.PluginManager - org.intellij.groovy loaded 179 classes 
2018-01-14 18:12:22,405 [   6722]   INFO - llij.ide.plugins.PluginManager - org.jetbrains.idea.maven loaded 62 classes 
2018-01-14 18:12:22,410 [   6727]   INFO - llij.ide.plugins.PluginManager - CVS loaded 48 classes 
2018-01-14 18:12:22,410 [   6727]   INFO - llij.ide.plugins.PluginManager - org.jetbrains.settingsRepository loaded 34 classes 
2018-01-14 18:12:22,410 [   6727]   INFO - llij.ide.plugins.PluginManager - com.intellij.uiDesigner loaded 31 classes 
2018-01-14 18:12:22,410 [   6727]   INFO - llij.ide.plugins.PluginManager - Git4Idea loaded 31 classes 
2018-01-14 18:12:22,410 [   6727]   INFO - llij.ide.plugins.PluginManager - com.intellij.properties loaded 28 classes 
2018-01-14 18:12:22,410 [   6727]   INFO - llij.ide.plugins.PluginManager - hg4idea loaded 25 classes 
2018-01-14 18:12:22,410 [   6727]   INFO - llij.ide.plugins.PluginManager - com.intellij.tasks loaded 23 classes 
2018-01-14 18:12:22,410 [   6727]   INFO - llij.ide.plugins.PluginManager - Subversion loaded 22 classes 
2018-01-14 18:12:22,410 [   6727]   INFO - llij.ide.plugins.PluginManager - AntSupport loaded 18 classes 
2018-01-14 18:12:22,410 [   6727]   INFO - llij.ide.plugins.PluginManager - XPathView loaded 15 classes 
2018-01-14 18:12:22,410 [   6727]   INFO - llij.ide.plugins.PluginManager - org.jetbrains.plugins.gradle loaded 15 classes 
2018-01-14 18:12:22,410 [   6727]   INFO - llij.ide.plugins.PluginManager - org.jetbrains.plugins.github loaded 14 classes 
2018-01-14 18:12:22,410 [   6727]   INFO - llij.ide.plugins.PluginManager - org.jetbrains.plugins.yaml loaded 13 classes 
2018-01-14 18:12:22,410 [   6727]   INFO - llij.ide.plugins.PluginManager - org.jetbrains.plugins.javaFX loaded 11 classes 
2018-01-14 18:12:22,411 [   6728]   INFO - llij.ide.plugins.PluginManager - DevKit loaded 11 classes 
2018-01-14 18:12:22,411 [   6728]   INFO - llij.ide.plugins.PluginManager - org.jetbrains.java.decompiler loaded 7 classes 
2018-01-14 18:12:22,411 [   6728]   INFO - llij.ide.plugins.PluginManager - com.intellij.copyright loaded 3 classes 
2018-01-14 18:12:22,411 [   6728]   INFO - llij.ide.plugins.PluginManager - ByteCodeViewer loaded 2 classes 
2018-01-14 18:12:22,411 [   6728]   INFO - llij.ide.plugins.PluginManager - org.jetbrains.idea.eclipse loaded 2 classes 
2018-01-14 18:12:22,411 [   6728]   INFO - llij.ide.plugins.PluginManager - Coverage loaded 2 classes 
2018-01-14 18:12:23,391 [   7708]   INFO - pl$FileIndexDataInitialization - Initialization done:2583 
2018-01-14 18:12:23,793 [   8110]   INFO - exImpl$StubIndexInitialization - Initialization done:401 
2018-01-14 18:12:23,859 [   8176]   INFO - com.intellij.ide.ui.UISettings - Loaded: fontSize=12, fontScale=1.0; restored: fontSize=15, fontScale=1.25 
2018-01-14 18:12:25,271 [   9588]   INFO - j.ide.ui.OptionsTopHitProvider - 1999 ms spent to cache options in application 
2018-01-14 18:12:25,646 [   9963]   INFO - .openapi.application.Preloader - Finished preloading com.intellij.openapi.actionSystem.impl.ActionPreloader@4b7f7745 
2018-01-14 18:12:27,431 [  11748]  ERROR - llij.ide.plugins.PluginManager - Fatal error initializing 'com.intellij.psi.PsiDocumentManager' 
com.intellij.ide.plugins.PluginManager$StartupAbortedException: Fatal error initializing 'com.intellij.psi.PsiDocumentManager'
	at com.intellij.ide.plugins.PluginManager.handleComponentError(PluginManager.java:274)
	at com.intellij.openapi.components.impl.PlatformComponentManagerImpl.handleInitComponentError(PlatformComponentManagerImpl.java:43)
	at com.intellij.openapi.components.impl.ComponentManagerImpl$ComponentConfigComponentAdapter.getComponentInstance(ComponentManagerImpl.java:515)
	at com.intellij.openapi.components.impl.ComponentManagerImpl.createComponents(ComponentManagerImpl.java:119)
	at com.intellij.openapi.components.impl.ComponentManagerImpl.init(ComponentManagerImpl.java:103)
	at com.intellij.openapi.components.impl.ComponentManagerImpl.init(ComponentManagerImpl.java:90)
	at com.intellij.openapi.project.impl.ProjectImpl.init(ProjectImpl.java:284)
	at com.intellij.openapi.project.impl.ProjectManagerImpl.initProject(ProjectManagerImpl.java:289)
	at com.intellij.openapi.project.impl.ProjectManagerImpl.lambda$getDefaultProject$4(ProjectManagerImpl.java:352)
	at com.intellij.openapi.progress.impl.CoreProgressManager.registerIndicatorAndRun(CoreProgressManager.java:543)
	at com.intellij.openapi.progress.impl.CoreProgressManager.executeProcessUnderProgress(CoreProgressManager.java:488)
	at com.intellij.openapi.progress.impl.ProgressManagerImpl.executeProcessUnderProgress(ProgressManagerImpl.java:94)
	at com.intellij.openapi.progress.impl.CoreProgressManager.executeNonCancelableSection(CoreProgressManager.java:185)
	at com.intellij.openapi.project.impl.ProjectManagerImpl.getDefaultProject(ProjectManagerImpl.java:349)
	at com.intellij.openapi.wm.impl.welcomeScreen.FlatWelcomeFrame.getProject(FlatWelcomeFrame.java:760)
	at com.intellij.openapi.wm.IdeFocusManager.findByComponent(IdeFocusManager.java:216)
	at com.intellij.openapi.wm.IdeFocusManager.findInstanceByComponent(IdeFocusManager.java:207)
	at com.intellij.openapi.wm.IdeFocusManager.findInstance(IdeFocusManager.java:233)
	at com.intellij.openapi.util.DimensionService.keyPair(DimensionService.java:285)
	at com.intellij.openapi.util.DimensionService.setLocation(DimensionService.java:121)
	at com.intellij.openapi.wm.impl.welcomeScreen.FlatWelcomeFrame.saveLocation(FlatWelcomeFrame.java:150)
	at com.intellij.openapi.wm.impl.welcomeScreen.FlatWelcomeFrame.dispose(FlatWelcomeFrame.java:135)
	at com.intellij.openapi.util.Disposer$1.execute(Disposer.java:48)
	at com.intellij.openapi.util.Disposer$1.execute(Disposer.java:44)
	at com.intellij.openapi.util.objectTree.ObjectNode$1.execute(ObjectNode.java:138)
	at com.intellij.openapi.util.objectTree.ObjectNode$1.execute(ObjectNode.java:107)
	at com.intellij.openapi.util.objectTree.ObjectTree.executeActionWithRecursiveGuard(ObjectTree.java:167)
	at com.intellij.openapi.util.objectTree.ObjectNode.execute(ObjectNode.java:107)
	at com.intellij.openapi.util.objectTree.ObjectNode$1.execute(ObjectNode.java:126)
	at com.intellij.openapi.util.objectTree.ObjectNode$1.execute(ObjectNode.java:107)
	at com.intellij.openapi.util.objectTree.ObjectTree.executeActionWithRecursiveGuard(ObjectTree.java:167)
	at com.intellij.openapi.util.objectTree.ObjectNode.execute(ObjectNode.java:107)
	at com.intellij.openapi.util.objectTree.ObjectTree.executeAll(ObjectTree.java:142)
	at com.intellij.openapi.util.Disposer.dispose(Disposer.java:129)
	at com.intellij.openapi.util.Disposer.dispose(Disposer.java:125)
	at com.intellij.openapi.application.impl.ApplicationImpl.lambda$disposeSelf$7(ApplicationImpl.java:254)
	at com.intellij.openapi.application.impl.ApplicationImpl.runWriteAction(ApplicationImpl.java:1003)
	at com.intellij.openapi.application.impl.ApplicationImpl.disposeSelf(ApplicationImpl.java:254)
	at com.intellij.openapi.application.impl.ApplicationImpl.doExit(ApplicationImpl.java:782)
	at com.intellij.openapi.application.impl.ApplicationImpl.exit(ApplicationImpl.java:758)
	at com.intellij.openapi.application.impl.ApplicationImpl.exit(ApplicationImpl.java:747)
	at com.intellij.openapi.application.impl.ApplicationImpl.exit(ApplicationImpl.java:724)
	at com.intellij.openapi.application.impl.ApplicationImpl.exit(ApplicationImpl.java:719)
	at com.intellij.openapi.wm.impl.welcomeScreen.WelcomeFrame$3.windowClosing(WelcomeFrame.java:120)
	at java.awt.AWTEventMulticaster.windowClosing(AWTEventMulticaster.java:349)
	at java.awt.AWTEventMulticaster.windowClosing(AWTEventMulticaster.java:349)
	at java.awt.Window.processWindowEvent(Window.java:2054)
	at javax.swing.JFrame.processWindowEvent(JFrame.java:305)
	at java.awt.Window.processEvent(Window.java:2013)
	at java.awt.Component.dispatchEventImpl(Component.java:4889)
	at java.awt.Container.dispatchEventImpl(Container.java:2295)
	at java.awt.Window.dispatchEventImpl(Window.java:2746)
	at java.awt.Component.dispatchEvent(Component.java:4711)
	at java.awt.EventQueue.dispatchEventImpl(EventQueue.java:758)
	at java.awt.EventQueue.access$500(EventQueue.java:97)
	at java.awt.EventQueue$3.run(EventQueue.java:709)
	at java.awt.EventQueue$3.run(EventQueue.java:703)
	at java.security.AccessController.doPrivileged(Native Method)
	at java.security.ProtectionDomain$JavaSecurityAccessImpl.doIntersectionPrivilege(ProtectionDomain.java:80)
	at java.security.ProtectionDomain$JavaSecurityAccessImpl.doIntersectionPrivilege(ProtectionDomain.java:90)
	at java.awt.EventQueue$4.run(EventQueue.java:731)
	at java.awt.EventQueue$4.run(EventQueue.java:729)
	at java.security.AccessController.doPrivileged(Native Method)
	at java.security.ProtectionDomain$JavaSecurityAccessImpl.doIntersectionPrivilege(ProtectionDomain.java:80)
	at java.awt.EventQueue.dispatchEvent(EventQueue.java:728)
	at com.intellij.ide.IdeEventQueue.defaultDispatchEvent(IdeEventQueue.java:822)
	at com.intellij.ide.IdeEventQueue._dispatchEvent(IdeEventQueue.java:650)
	at com.intellij.ide.IdeEventQueue.dispatchEvent(IdeEventQueue.java:366)
	at java.awt.EventDispatchThread.pumpOneEventForFilters(EventDispatchThread.java:201)
	at java.awt.EventDispatchThread.pumpEventsForFilter(EventDispatchThread.java:116)
	at java.awt.EventDispatchThread.pumpEventsForHierarchy(EventDispatchThread.java:105)
	at java.awt.EventDispatchThread.pumpEvents(EventDispatchThread.java:101)
	at java.awt.EventDispatchThread.pumpEvents(EventDispatchThread.java:93)
	at java.awt.EventDispatchThread.run(EventDispatchThread.java:82)
Caused by: com.intellij.util.IncorrectOperationException: Sorry but parent: Application (Internal) is being disposed so the child: Document commit thread; application: Application (Internal); isDisposed: false; myEnabled: false will never be disposed
	at com.intellij.openapi.util.objectTree.ObjectTree.register(ObjectTree.java:75)
	at com.intellij.openapi.util.Disposer.register(Disposer.java:97)
	at com.intellij.openapi.util.Disposer.register(Disposer.java:93)
	at com.intellij.openapi.components.impl.ServiceManagerImpl$MyComponentAdapter.getComponentInstance(ServiceManagerImpl.java:222)
	at com.intellij.util.pico.DefaultPicoContainer.getLocalInstance(DefaultPicoContainer.java:239)
	at com.intellij.util.pico.DefaultPicoContainer.getComponentInstance(DefaultPicoContainer.java:206)
	at sun.reflect.NativeMethodAccessorImpl.invoke0(Native Method)
	at sun.reflect.NativeMethodAccessorImpl.invoke(NativeMethodAccessorImpl.java:62)
	at sun.reflect.DelegatingMethodAccessorImpl.invoke(DelegatingMethodAccessorImpl.java:43)
	at java.lang.reflect.Method.invoke(Method.java:498)
	at org.picocontainer.defaults.ImmutablePicoContainerProxyFactory.invoke(ImmutablePicoContainerProxyFactory.java:73)
	at com.sun.proxy.$Proxy57.getComponentInstance(Unknown Source)
	at com.intellij.util.pico.DefaultPicoContainer.getComponentInstance(DefaultPicoContainer.java:211)
	at org.picocontainer.defaults.BasicComponentParameter.resolveInstance(BasicComponentParameter.java:77)
	at org.picocontainer.defaults.ComponentParameter.resolveInstance(ComponentParameter.java:114)
	at com.intellij.util.pico.CachingConstructorInjectionComponentAdapter.getConstructorArguments(CachingConstructorInjectionComponentAdapter.java:129)
	at com.intellij.util.pico.CachingConstructorInjectionComponentAdapter.doGetComponentInstance(CachingConstructorInjectionComponentAdapter.java:100)
	at com.intellij.util.pico.CachingConstructorInjectionComponentAdapter.instantiateGuarded(CachingConstructorInjectionComponentAdapter.java:80)
	at com.intellij.util.pico.CachingConstructorInjectionComponentAdapter.getComponentInstance(CachingConstructorInjectionComponentAdapter.java:63)
	at com.intellij.openapi.components.impl.ComponentManagerImpl$ComponentConfigComponentAdapter.getComponentInstance(ComponentManagerImpl.java:474)
	... 71 more
2018-01-14 18:12:27,440 [  11757]  ERROR - llij.ide.plugins.PluginManager - IntelliJ IDEA 2017.3.2  Build #IC-173.4127.27 
2018-01-14 18:12:27,440 [  11757]  ERROR - llij.ide.plugins.PluginManager - JDK: 1.8.0_152 
2018-01-14 18:12:27,440 [  11757]  ERROR - llij.ide.plugins.PluginManager - VM: Java HotSpot(TM) 64-Bit Server VM 
2018-01-14 18:12:27,440 [  11757]  ERROR - llij.ide.plugins.PluginManager - Vendor: Oracle Corporation 
2018-01-14 18:12:27,444 [  11761]  ERROR - llij.ide.plugins.PluginManager - OS: Linux 
2018-01-14 18:12:27,445 [  11762]  ERROR - llij.ide.plugins.PluginManager - Last Action:  
2018-01-14 18:12:28,346 [  12663]   INFO - stubs.SerializationManagerImpl - START StubSerializationManager SHUTDOWN 
2018-01-14 18:12:28,354 [  12671]   INFO - stubs.SerializationManagerImpl - END StubSerializationManager SHUTDOWN 
2018-01-14 18:12:28,354 [  12671]   INFO - il.indexing.FileBasedIndexImpl - START INDEX SHUTDOWN 
2018-01-14 18:12:29,582 [  13899]   INFO - il.indexing.FileBasedIndexImpl - END INDEX SHUTDOWN 
2018-01-14 18:12:29,608 [  13925]   INFO - org.jetbrains.io.BuiltInServer - web server stopped 
2018-01-14 18:12:29,612 [  13929]   INFO - .openapi.application.Preloader - Finished preloading com.intellij.ide.ui.search.SearchableOptionPreloader@6000ecc3 
2018-01-14 18:12:29,623 [  13940]   INFO - Types.impl.FileTypeManagerImpl - FileTypeManager: 0 auto-detected files
Elapsed time on auto-detect: 0 ms 
2018-01-14 18:12:29,650 [  13967]   INFO - pl.local.NativeFileWatcherImpl - Watcher terminated with exit code 0 
2018-01-14 18:12:29,660 [  13977]   INFO - newvfs.persistent.PersistentFS - VFS dispose started 
2018-01-14 18:12:29,676 [  13993]   INFO - newvfs.persistent.PersistentFS - VFS dispose completed 
2018-01-14 18:12:29,689 [  14006]   INFO - plication.impl.ApplicationImpl - Write action Statistics:
Event number:     25
Total time spent: 916ms
Average duration: 36ms
Median  duration: 31ms
Max  duration:    128ms (it was 'write action (class com.intellij.configurationStore.StorageUtilKt$getOrCreateVirtualFile$$inlined$runUndoTransparentWriteAction$1$1)') 
2018-01-14 18:12:29,690 [  14007]   INFO - plication.impl.ApplicationImpl - AnAction.update() Statistics:
Event number:     0
Total time spent: 0ms
Average duration: 0ms
Median  duration: 0ms
Max  duration:    0ms (it was 'null') 
2018-01-14 18:12:29,690 [  14007]   INFO - plication.impl.ApplicationImpl - Global instance threads created counter = 7; ProcessIOExecutorService threads: 6 
2018-01-14 18:12:29,692 [  14009]  ERROR - api.util.objectTree.ObjectTree - Memory leak detected: 'Document commit thread; application: Application (Disposed) (Internal); isDisposed: false; myEnabled: false' of class com.intellij.psi.impl.DocumentCommitThread
See the cause for the corresponding Disposer.register() stacktrace:
 
java.lang.RuntimeException: Memory leak detected: 'Document commit thread; application: Application (Disposed) (Internal); isDisposed: false; myEnabled: false' of class com.intellij.psi.impl.DocumentCommitThread
See the cause for the corresponding Disposer.register() stacktrace:

	at com.intellij.openapi.util.objectTree.ObjectTree.assertIsEmpty(ObjectTree.java:232)
	at com.intellij.openapi.util.Disposer.assertIsEmpty(Disposer.java:146)
	at com.intellij.openapi.util.Disposer.assertIsEmpty(Disposer.java:142)
	at com.intellij.openapi.application.impl.ApplicationImpl.disposeSelf(ApplicationImpl.java:256)
	at com.intellij.openapi.application.impl.ApplicationImpl.doExit(ApplicationImpl.java:782)
	at com.intellij.openapi.application.impl.ApplicationImpl.exit(ApplicationImpl.java:758)
	at com.intellij.openapi.application.impl.ApplicationImpl.exit(ApplicationImpl.java:747)
	at com.intellij.openapi.application.impl.ApplicationImpl.exit(ApplicationImpl.java:724)
	at com.intellij.openapi.application.impl.ApplicationImpl.exit(ApplicationImpl.java:719)
	at com.intellij.openapi.wm.impl.welcomeScreen.WelcomeFrame$3.windowClosing(WelcomeFrame.java:120)
	at java.awt.AWTEventMulticaster.windowClosing(AWTEventMulticaster.java:349)
	at java.awt.AWTEventMulticaster.windowClosing(AWTEventMulticaster.java:349)
	at java.awt.Window.processWindowEvent(Window.java:2054)
	at javax.swing.JFrame.processWindowEvent(JFrame.java:305)
	at java.awt.Window.processEvent(Window.java:2013)
	at java.awt.Component.dispatchEventImpl(Component.java:4889)
	at java.awt.Container.dispatchEventImpl(Container.java:2295)
	at java.awt.Window.dispatchEventImpl(Window.java:2746)
	at java.awt.Component.dispatchEvent(Component.java:4711)
	at java.awt.EventQueue.dispatchEventImpl(EventQueue.java:758)
	at java.awt.EventQueue.access$500(EventQueue.java:97)
	at java.awt.EventQueue$3.run(EventQueue.java:709)
	at java.awt.EventQueue$3.run(EventQueue.java:703)
	at java.security.AccessController.doPrivileged(Native Method)
	at java.security.ProtectionDomain$JavaSecurityAccessImpl.doIntersectionPrivilege(ProtectionDomain.java:80)
	at java.security.ProtectionDomain$JavaSecurityAccessImpl.doIntersectionPrivilege(ProtectionDomain.java:90)
	at java.awt.EventQueue$4.run(EventQueue.java:731)
	at java.awt.EventQueue$4.run(EventQueue.java:729)
	at java.security.AccessController.doPrivileged(Native Method)
	at java.security.ProtectionDomain$JavaSecurityAccessImpl.doIntersectionPrivilege(ProtectionDomain.java:80)
	at java.awt.EventQueue.dispatchEvent(EventQueue.java:728)
	at com.intellij.ide.IdeEventQueue.defaultDispatchEvent(IdeEventQueue.java:822)
	at com.intellij.ide.IdeEventQueue._dispatchEvent(IdeEventQueue.java:650)
	at com.intellij.ide.IdeEventQueue.dispatchEvent(IdeEventQueue.java:366)
	at java.awt.EventDispatchThread.pumpOneEventForFilters(EventDispatchThread.java:201)
	at java.awt.EventDispatchThread.pumpEventsForFilter(EventDispatchThread.java:116)
	at java.awt.EventDispatchThread.pumpEventsForHierarchy(EventDispatchThread.java:105)
	at java.awt.EventDispatchThread.pumpEvents(EventDispatchThread.java:101)
	at java.awt.EventDispatchThread.pumpEvents(EventDispatchThread.java:93)
	at java.awt.EventDispatchThread.run(EventDispatchThread.java:82)
Caused by: java.lang.Throwable
	at com.intellij.openapi.util.objectTree.ObjectNode.<init>(ObjectNode.java:56)
	at com.intellij.openapi.util.objectTree.ObjectTree.createNodeFor(ObjectTree.java:118)
	at com.intellij.openapi.util.objectTree.ObjectTree.register(ObjectTree.java:80)
	at com.intellij.openapi.util.Disposer.register(Disposer.java:97)
	at com.intellij.openapi.util.Disposer.register(Disposer.java:93)
	at com.intellij.util.concurrency.BoundedTaskExecutor.<init>(BoundedTaskExecutor.java:75)
	at com.intellij.psi.impl.DocumentCommitThread.<init>(DocumentCommitThread.java:68)
	at sun.reflect.NativeConstructorAccessorImpl.newInstance0(Native Method)
	at sun.reflect.NativeConstructorAccessorImpl.newInstance(NativeConstructorAccessorImpl.java:62)
	at sun.reflect.DelegatingConstructorAccessorImpl.newInstance(DelegatingConstructorAccessorImpl.java:45)
	at java.lang.reflect.Constructor.newInstance(Constructor.java:423)
	at org.picocontainer.defaults.InstantiatingComponentAdapter.newInstance(InstantiatingComponentAdapter.java:193)
	at com.intellij.util.pico.CachingConstructorInjectionComponentAdapter.doGetComponentInstance(CachingConstructorInjectionComponentAdapter.java:103)
	at com.intellij.util.pico.CachingConstructorInjectionComponentAdapter.instantiateGuarded(CachingConstructorInjectionComponentAdapter.java:80)
	at com.intellij.util.pico.CachingConstructorInjectionComponentAdapter.getComponentInstance(CachingConstructorInjectionComponentAdapter.java:63)
	at com.intellij.openapi.components.impl.ServiceManagerImpl$MyComponentAdapter.getComponentInstance(ServiceManagerImpl.java:220)
	at com.intellij.util.pico.DefaultPicoContainer.getLocalInstance(DefaultPicoContainer.java:239)
	at com.intellij.util.pico.DefaultPicoContainer.getComponentInstance(DefaultPicoContainer.java:206)
	at sun.reflect.NativeMethodAccessorImpl.invoke0(Native Method)
	at sun.reflect.NativeMethodAccessorImpl.invoke(NativeMethodAccessorImpl.java:62)
	at sun.reflect.DelegatingMethodAccessorImpl.invoke(DelegatingMethodAccessorImpl.java:43)
	at java.lang.reflect.Method.invoke(Method.java:498)
	at org.picocontainer.defaults.ImmutablePicoContainerProxyFactory.invoke(ImmutablePicoContainerProxyFactory.java:73)
	at com.sun.proxy.$Proxy57.getComponentInstance(Unknown Source)
	at com.intellij.util.pico.DefaultPicoContainer.getComponentInstance(DefaultPicoContainer.java:211)
	at org.picocontainer.defaults.BasicComponentParameter.resolveInstance(BasicComponentParameter.java:77)
	at org.picocontainer.defaults.ComponentParameter.resolveInstance(ComponentParameter.java:114)
	at com.intellij.util.pico.CachingConstructorInjectionComponentAdapter.getConstructorArguments(CachingConstructorInjectionComponentAdapter.java:129)
	at com.intellij.util.pico.CachingConstructorInjectionComponentAdapter.doGetComponentInstance(CachingConstructorInjectionComponentAdapter.java:100)
	at com.intellij.util.pico.CachingConstructorInjectionComponentAdapter.instantiateGuarded(CachingConstructorInjectionComponentAdapter.java:80)
	at com.intellij.util.pico.CachingConstructorInjectionComponentAdapter.getComponentInstance(CachingConstructorInjectionComponentAdapter.java:63)
	at com.intellij.openapi.components.impl.ComponentManagerImpl$ComponentConfigComponentAdapter.getComponentInstance(ComponentManagerImpl.java:474)
	at com.intellij.openapi.components.impl.ComponentManagerImpl.createComponents(ComponentManagerImpl.java:119)
	at com.intellij.openapi.components.impl.ComponentManagerImpl.init(ComponentManagerImpl.java:103)
	at com.intellij.openapi.components.impl.ComponentManagerImpl.init(ComponentManagerImpl.java:90)
	at com.intellij.openapi.project.impl.ProjectImpl.init(ProjectImpl.java:284)
	at com.intellij.openapi.project.impl.ProjectManagerImpl.initProject(ProjectManagerImpl.java:289)
	at com.intellij.openapi.project.impl.ProjectManagerImpl.lambda$getDefaultProject$4(ProjectManagerImpl.java:352)
	at com.intellij.openapi.progress.impl.CoreProgressManager.registerIndicatorAndRun(CoreProgressManager.java:543)
	at com.intellij.openapi.progress.impl.CoreProgressManager.executeProcessUnderProgress(CoreProgressManager.java:488)
	at com.intellij.openapi.progress.impl.ProgressManagerImpl.executeProcessUnderProgress(ProgressManagerImpl.java:94)
	at com.intellij.openapi.progress.impl.CoreProgressManager.executeNonCancelableSection(CoreProgressManager.java:185)
	at com.intellij.openapi.project.impl.ProjectManagerImpl.getDefaultProject(ProjectManagerImpl.java:349)
	at com.intellij.openapi.wm.impl.welcomeScreen.FlatWelcomeFrame.getProject(FlatWelcomeFrame.java:760)
	at com.intellij.openapi.wm.IdeFocusManager.findByComponent(IdeFocusManager.java:216)
	at com.intellij.openapi.wm.IdeFocusManager.findInstanceByComponent(IdeFocusManager.java:207)
	at com.intellij.openapi.wm.IdeFocusManager.findInstance(IdeFocusManager.java:233)
	at com.intellij.openapi.util.DimensionService.keyPair(DimensionService.java:285)
	at com.intellij.openapi.util.DimensionService.setLocation(DimensionService.java:121)
	at com.intellij.openapi.wm.impl.welcomeScreen.FlatWelcomeFrame.saveLocation(FlatWelcomeFrame.java:150)
	at com.intellij.openapi.wm.impl.welcomeScreen.FlatWelcomeFrame.dispose(FlatWelcomeFrame.java:135)
	at com.intellij.openapi.util.Disposer$1.execute(Disposer.java:48)
	at com.intellij.openapi.util.Disposer$1.execute(Disposer.java:44)
	at com.intellij.openapi.util.objectTree.ObjectNode$1.execute(ObjectNode.java:138)
	at com.intellij.openapi.util.objectTree.ObjectNode$1.execute(ObjectNode.java:107)
	at com.intellij.openapi.util.objectTree.ObjectTree.executeActionWithRecursiveGuard(ObjectTree.java:167)
	at com.intellij.openapi.util.objectTree.ObjectNode.execute(ObjectNode.java:107)
	at com.intellij.openapi.util.objectTree.ObjectNode$1.execute(ObjectNode.java:126)
	at com.intellij.openapi.util.objectTree.ObjectNode$1.execute(ObjectNode.java:107)
	at com.intellij.openapi.util.objectTree.ObjectTree.executeActionWithRecursiveGuard(ObjectTree.java:167)
	at com.intellij.openapi.util.objectTree.ObjectNode.execute(ObjectNode.java:107)
	at com.intellij.openapi.util.objectTree.ObjectTree.executeAll(ObjectTree.java:142)
	at com.intellij.openapi.util.Disposer.dispose(Disposer.java:129)
	at com.intellij.openapi.util.Disposer.dispose(Disposer.java:125)
	at com.intellij.openapi.application.impl.ApplicationImpl.lambda$disposeSelf$7(ApplicationImpl.java:254)
	at com.intellij.openapi.application.impl.ApplicationImpl.runWriteAction(ApplicationImpl.java:1003)
	at com.intellij.openapi.application.impl.ApplicationImpl.disposeSelf(ApplicationImpl.java:254)
	... 36 more
2018-01-14 18:12:29,696 [  14013]  ERROR - api.util.objectTree.ObjectTree - IntelliJ IDEA 2017.3.2  Build #IC-173.4127.27 
2018-01-14 18:12:29,696 [  14013]  ERROR - api.util.objectTree.ObjectTree - JDK: 1.8.0_152 
2018-01-14 18:12:29,696 [  14013]  ERROR - api.util.objectTree.ObjectTree - VM: Java HotSpot(TM) 64-Bit Server VM 
2018-01-14 18:12:29,696 [  14013]  ERROR - api.util.objectTree.ObjectTree - Vendor: Oracle Corporation 
2018-01-14 18:12:29,696 [  14013]  ERROR - api.util.objectTree.ObjectTree - OS: Linux 
2018-01-14 18:12:29,721 [  14038]   INFO -        #com.intellij.idea.Main - ------------------------------------------------------ IDE SHUTDOWN ------------------------------------------------------ 
2018-01-14 18:12:29,723 [  14040]   INFO - org.jetbrains.io.BuiltInServer - web server stopped 
2018-01-15 11:16:44,846 [      0]   INFO -        #com.intellij.idea.Main - ------------------------------------------------------ IDE STARTED ------------------------------------------------------ 
2018-01-15 11:16:44,885 [     39]   INFO -     #com.intellij.util.ui.JBUI - User scale factor: 1.0 
2018-01-15 11:16:44,885 [     39]   INFO -     #com.intellij.util.ui.JBUI - System scale factor: 1.25 (IDE-managed HiDPI) 
2018-01-15 11:16:44,911 [     65]   INFO -        #com.intellij.idea.Main - IDE: IntelliJ IDEA (build #IC-173.4127.27, 25 Dec 2017 12:44) 
2018-01-15 11:16:44,911 [     65]   INFO -        #com.intellij.idea.Main - OS: Linux (4.14.13-300.fc27.x86_64, amd64) 
2018-01-15 11:16:44,911 [     65]   INFO -        #com.intellij.idea.Main - JRE: 1.8.0_152-b16 (Oracle Corporation) 
2018-01-15 11:16:44,911 [     65]   INFO -        #com.intellij.idea.Main - JVM: 25.152-b16 (Java HotSpot(TM) 64-Bit Server VM) 
2018-01-15 11:16:44,916 [     70]   INFO -        #com.intellij.idea.Main - JVM Args: -Didea.classpath.index.enabled=false -Didea.config.path=/home/tburgess/IdeaProjects/NewBlock/build/idea-sandbox/config -Didea.is.internal=true -Didea.platform.prefix=Idea -Didea.plugins.path=/home/tburgess/IdeaProjects/NewBlock/build/idea-sandbox/plugins -Didea.required.plugins.id=com.toddburgessmedia.newblock -Didea.system.path=/home/tburgess/IdeaProjects/NewBlock/build/idea-sandbox/system -Dsun.awt.disablegrab=true -Xbootclasspath/a:/home/tburgess/.gradle/caches/modules-2/files-2.1/com.jetbrains.intellij.idea/ideaIC/2017.3.2/6af5f3c1dca02a18bee2439e9e842a1bfcadaf23/ideaIC-2017.3.2/lib/boot.jar -XX:MaxPermSize=250m -Xms256m -Xmx512m -Dfile.encoding=UTF-8 -Duser.country=CA -Duser.language=en -Duser.variant -ea 
2018-01-15 11:16:44,953 [    107]   INFO -        #com.intellij.idea.Main - ForkJoinPool.commonPool: java.util.concurrent.ForkJoinPool@178cd8cb[Running, parallelism = 3, size = 0, active = 0, running = 0, steals = 0, tasks = 0, submissions = 0] 
2018-01-15 11:16:44,954 [    108]   INFO -        #com.intellij.idea.Main - ext: /opt/jdk1.8.0_152/jre/lib/ext: [dnsns.jar, sunjce_provider.jar, sunec.jar, meta-index, localedata.jar, jfxrt.jar, cldrdata.jar, nashorn.jar, sunpkcs11.jar, zipfs.jar, jaccess.jar] 
2018-01-15 11:16:44,954 [    108]   INFO -        #com.intellij.idea.Main - JNU charset: UTF-8 
2018-01-15 11:16:45,022 [    176]   INFO -        #com.intellij.idea.Main - JNA library (64-bit) loaded in 67 ms 
2018-01-15 11:16:46,367 [   1521]   INFO - .intellij.idea.IdeaApplication - WM detected: GNOME Shell 
2018-01-15 11:16:46,370 [   1524]   INFO - llij.openapi.wm.impl.X11UiUtil - impersonated WM: MUTTER_WM 
2018-01-15 11:16:48,591 [   3745]   INFO - llij.ide.plugins.PluginManager - Cannot find optional descriptor duplicates-groovy.xml 
2018-01-15 11:16:50,486 [   5640]   INFO - llij.ide.plugins.PluginManager - 34 plugins initialized in 2786 ms 
2018-01-15 11:16:50,502 [   5656]   INFO - llij.ide.plugins.PluginManager - Loaded bundled plugins: Android Support (10.2.3), Ant Support (1.0), Bytecode Viewer (0.1), CVS Integration (11), Copyright (8.1), Coverage (173.4127.27), Eclipse Integration (3.0), EditorConfig (173.4127.27), Git Integration (8.1), GitHub (173.4127.27), Gradle (173.4127.27), Groovy (9.0), I18n for Java (173.4127.27), IDEA CORE (173.4127.27), IntelliLang (8.0), JUnit (1.0), Java Bytecode Decompiler (173.4127.27), Java Stream Debugger (173.4127.27), JavaFX (1.0), Kotlin (1.2.10-release-IJ2017.3-1), Maven Integration (173.4127.27), Mercurial Integration (10.0), Plugin DevKit (1.0), Properties Support (173.4127.27), Settings Repository (173.4127.27), Subversion Integration (1.1), Task Management (1.0), Terminal (0.1), TestNG-J (8.0), UI Designer (173.4127.27), XPathView + XSLT Support (4), XSLT-Debugger (1.4), YAML (173.4127.27) 
2018-01-15 11:16:50,502 [   5656]   INFO - llij.ide.plugins.PluginManager - Loaded custom plugins: Plugin display name here (1.0-SNAPSHOT) 
2018-01-15 11:17:03,557 [  18711]   INFO - ellij.util.io.PagedFileStorage - lower=100; upper=435; buffer=10; max=435 
2018-01-15 11:17:03,764 [  18918]   INFO - pl.local.NativeFileWatcherImpl - Starting file watcher: /home/tburgess/.gradle/caches/modules-2/files-2.1/com.jetbrains.intellij.idea/ideaIC/2017.3.2/6af5f3c1dca02a18bee2439e9e842a1bfcadaf23/ideaIC-2017.3.2/bin/linux/fsnotifier64 
2018-01-15 11:17:03,819 [  18973]   INFO - pl.local.NativeFileWatcherImpl - Native file watcher is operational. 
2018-01-15 11:17:04,750 [  19904]   INFO - pi.util.registry.RegistryState - Registry values changed by user: 
2018-01-15 11:17:04,750 [  19904]   INFO - pi.util.registry.RegistryState -   java.completion.argument.hints.internal = false 
2018-01-15 11:17:09,825 [  24979]   INFO - .openapi.application.Preloader - Finished preloading com.intellij.ide.ui.OptionsTopHitProvider$Activity@779194f6 
2018-01-15 11:17:10,144 [  25298]   INFO - til.net.ssl.CertificateManager - Default SSL context initialized 
2018-01-15 11:17:10,628 [  25782]   INFO - rains.ide.BuiltInServerManager - built-in server started, port 63343 
2018-01-15 11:17:10,809 [  25963]   INFO - gs.impl.UpdateCheckerComponent - channel: release 
2018-01-15 11:17:12,809 [  27963]   INFO - il.indexing.FileBasedIndexImpl - Index exts enumerated:1581 
2018-01-15 11:17:12,842 [  27996]   INFO - il.indexing.FileBasedIndexImpl - Index scheduled:32 
2018-01-15 11:17:13,003 [  28157]   INFO - tellij.psi.stubs.StubIndexImpl - All stub exts enumerated:116 
2018-01-15 11:17:13,005 [  28159]   INFO - tellij.psi.stubs.StubIndexImpl - stub exts update scheduled:1 
2018-01-15 11:17:15,734 [  30888]   INFO - plication.impl.ApplicationImpl - 86 application components initialized in 28043ms 
2018-01-15 11:17:15,827 [  30981]   INFO - .intellij.idea.IdeaApplication - App initialization took 35123 ms 
2018-01-15 11:17:15,829 [  30983]   INFO - llij.ide.plugins.PluginManager - org.jetbrains.kotlin loaded 331 classes 
2018-01-15 11:17:15,829 [  30983]   INFO - llij.ide.plugins.PluginManager - org.intellij.groovy loaded 169 classes 
2018-01-15 11:17:15,829 [  30983]   INFO - llij.ide.plugins.PluginManager - org.jetbrains.android loaded 84 classes 
2018-01-15 11:17:15,829 [  30983]   INFO - llij.ide.plugins.PluginManager - CVS loaded 37 classes 
2018-01-15 11:17:15,829 [  30983]   INFO - llij.ide.plugins.PluginManager - org.jetbrains.settingsRepository loaded 30 classes 
2018-01-15 11:17:15,829 [  30983]   INFO - llij.ide.plugins.PluginManager - org.jetbrains.idea.maven loaded 28 classes 
2018-01-15 11:17:15,829 [  30983]   INFO - llij.ide.plugins.PluginManager - com.intellij.properties loaded 16 classes 
2018-01-15 11:17:15,830 [  30984]   INFO - llij.ide.plugins.PluginManager - XPathView loaded 14 classes 
2018-01-15 11:17:15,830 [  30984]   INFO - llij.ide.plugins.PluginManager - hg4idea loaded 13 classes 
2018-01-15 11:17:15,830 [  30984]   INFO - llij.ide.plugins.PluginManager - Subversion loaded 12 classes 
2018-01-15 11:17:15,830 [  30984]   INFO - llij.ide.plugins.PluginManager - org.jetbrains.plugins.yaml loaded 12 classes 
2018-01-15 11:17:15,830 [  30984]   INFO - llij.ide.plugins.PluginManager - Git4Idea loaded 10 classes 
2018-01-15 11:17:15,830 [  30984]   INFO - llij.ide.plugins.PluginManager - org.jetbrains.plugins.javaFX loaded 10 classes 
2018-01-15 11:17:15,830 [  30984]   INFO - llij.ide.plugins.PluginManager - org.jetbrains.plugins.github loaded 10 classes 
2018-01-15 11:17:15,830 [  30984]   INFO - llij.ide.plugins.PluginManager - com.intellij.uiDesigner loaded 9 classes 
2018-01-15 11:17:15,830 [  30984]   INFO - llij.ide.plugins.PluginManager - org.jetbrains.plugins.gradle loaded 6 classes 
2018-01-15 11:17:15,830 [  30984]   INFO - llij.ide.plugins.PluginManager - com.intellij.tasks loaded 6 classes 
2018-01-15 11:17:15,830 [  30984]   INFO - llij.ide.plugins.PluginManager - AntSupport loaded 6 classes 
2018-01-15 11:17:15,830 [  30984]   INFO - llij.ide.plugins.PluginManager - DevKit loaded 6 classes 
2018-01-15 11:17:15,830 [  30984]   INFO - llij.ide.plugins.PluginManager - org.jetbrains.idea.eclipse loaded 2 classes 
2018-01-15 11:17:15,830 [  30984]   INFO - llij.ide.plugins.PluginManager - com.intellij.copyright loaded 1 classes 
2018-01-15 11:17:15,830 [  30984]   INFO - llij.ide.plugins.PluginManager - Coverage loaded 1 classes 
2018-01-15 11:17:20,317 [  35471]   INFO - com.intellij.ide.ui.UISettings - Loaded: fontSize=12, fontScale=1.0; restored: fontSize=15, fontScale=1.25 
2018-01-15 11:17:20,321 [  35475]   INFO - com.intellij.ide.ui.UISettings - Loaded: fontSize=15, fontScale=1.25; restored: fontSize=15, fontScale=1.25 
2018-01-15 11:17:22,884 [  38038]   INFO - pl$FileIndexDataInitialization - Initialization done:10041 
2018-01-15 11:17:24,098 [  39252]   INFO - exImpl$StubIndexInitialization - Initialization done:1214 
2018-01-15 11:17:27,529 [  42683]  ERROR - llij.ide.plugins.PluginManager - Fatal error initializing 'com.intellij.psi.PsiDocumentManager' 
com.intellij.ide.plugins.PluginManager$StartupAbortedException: Fatal error initializing 'com.intellij.psi.PsiDocumentManager'
	at com.intellij.ide.plugins.PluginManager.handleComponentError(PluginManager.java:274)
	at com.intellij.openapi.components.impl.PlatformComponentManagerImpl.handleInitComponentError(PlatformComponentManagerImpl.java:43)
	at com.intellij.openapi.components.impl.ComponentManagerImpl$ComponentConfigComponentAdapter.getComponentInstance(ComponentManagerImpl.java:515)
	at com.intellij.openapi.components.impl.ComponentManagerImpl.createComponents(ComponentManagerImpl.java:119)
	at com.intellij.openapi.components.impl.ComponentManagerImpl.init(ComponentManagerImpl.java:103)
	at com.intellij.openapi.components.impl.ComponentManagerImpl.init(ComponentManagerImpl.java:90)
	at com.intellij.openapi.project.impl.ProjectImpl.init(ProjectImpl.java:284)
	at com.intellij.openapi.project.impl.ProjectManagerImpl.initProject(ProjectManagerImpl.java:289)
	at com.intellij.openapi.project.impl.ProjectManagerImpl.lambda$getDefaultProject$4(ProjectManagerImpl.java:352)
	at com.intellij.openapi.progress.impl.CoreProgressManager.registerIndicatorAndRun(CoreProgressManager.java:543)
	at com.intellij.openapi.progress.impl.CoreProgressManager.executeProcessUnderProgress(CoreProgressManager.java:488)
	at com.intellij.openapi.progress.impl.ProgressManagerImpl.executeProcessUnderProgress(ProgressManagerImpl.java:94)
	at com.intellij.openapi.progress.impl.CoreProgressManager.executeNonCancelableSection(CoreProgressManager.java:185)
	at com.intellij.openapi.project.impl.ProjectManagerImpl.getDefaultProject(ProjectManagerImpl.java:349)
	at com.intellij.openapi.wm.impl.welcomeScreen.FlatWelcomeFrame.getProject(FlatWelcomeFrame.java:760)
	at com.intellij.openapi.wm.IdeFocusManager.findByComponent(IdeFocusManager.java:216)
	at com.intellij.openapi.wm.IdeFocusManager.findInstanceByComponent(IdeFocusManager.java:207)
	at com.intellij.openapi.wm.IdeFocusManager.findInstance(IdeFocusManager.java:233)
	at com.intellij.openapi.util.DimensionService.keyPair(DimensionService.java:285)
	at com.intellij.openapi.util.DimensionService.setLocation(DimensionService.java:121)
	at com.intellij.openapi.wm.impl.welcomeScreen.FlatWelcomeFrame.saveLocation(FlatWelcomeFrame.java:150)
	at com.intellij.openapi.wm.impl.welcomeScreen.FlatWelcomeFrame.dispose(FlatWelcomeFrame.java:135)
	at com.intellij.openapi.util.Disposer$1.execute(Disposer.java:48)
	at com.intellij.openapi.util.Disposer$1.execute(Disposer.java:44)
	at com.intellij.openapi.util.objectTree.ObjectNode$1.execute(ObjectNode.java:138)
	at com.intellij.openapi.util.objectTree.ObjectNode$1.execute(ObjectNode.java:107)
	at com.intellij.openapi.util.objectTree.ObjectTree.executeActionWithRecursiveGuard(ObjectTree.java:167)
	at com.intellij.openapi.util.objectTree.ObjectNode.execute(ObjectNode.java:107)
	at com.intellij.openapi.util.objectTree.ObjectNode$1.execute(ObjectNode.java:126)
	at com.intellij.openapi.util.objectTree.ObjectNode$1.execute(ObjectNode.java:107)
	at com.intellij.openapi.util.objectTree.ObjectTree.executeActionWithRecursiveGuard(ObjectTree.java:167)
	at com.intellij.openapi.util.objectTree.ObjectNode.execute(ObjectNode.java:107)
	at com.intellij.openapi.util.objectTree.ObjectTree.executeAll(ObjectTree.java:142)
	at com.intellij.openapi.util.Disposer.dispose(Disposer.java:129)
	at com.intellij.openapi.util.Disposer.dispose(Disposer.java:125)
	at com.intellij.openapi.application.impl.ApplicationImpl.lambda$disposeSelf$7(ApplicationImpl.java:254)
	at com.intellij.openapi.application.impl.ApplicationImpl.runWriteAction(ApplicationImpl.java:1003)
	at com.intellij.openapi.application.impl.ApplicationImpl.disposeSelf(ApplicationImpl.java:254)
	at com.intellij.openapi.application.impl.ApplicationImpl.doExit(ApplicationImpl.java:782)
	at com.intellij.openapi.application.impl.ApplicationImpl.exit(ApplicationImpl.java:758)
	at com.intellij.openapi.application.impl.ApplicationImpl.exit(ApplicationImpl.java:747)
	at com.intellij.openapi.application.impl.ApplicationImpl.exit(ApplicationImpl.java:724)
	at com.intellij.openapi.application.impl.ApplicationImpl.exit(ApplicationImpl.java:719)
	at com.intellij.openapi.wm.impl.welcomeScreen.WelcomeFrame$3.windowClosing(WelcomeFrame.java:120)
	at java.awt.AWTEventMulticaster.windowClosing(AWTEventMulticaster.java:349)
	at java.awt.AWTEventMulticaster.windowClosing(AWTEventMulticaster.java:349)
	at java.awt.Window.processWindowEvent(Window.java:2054)
	at javax.swing.JFrame.processWindowEvent(JFrame.java:305)
	at java.awt.Window.processEvent(Window.java:2013)
	at java.awt.Component.dispatchEventImpl(Component.java:4889)
	at java.awt.Container.dispatchEventImpl(Container.java:2295)
	at java.awt.Window.dispatchEventImpl(Window.java:2746)
	at java.awt.Component.dispatchEvent(Component.java:4711)
	at java.awt.EventQueue.dispatchEventImpl(EventQueue.java:758)
	at java.awt.EventQueue.access$500(EventQueue.java:97)
	at java.awt.EventQueue$3.run(EventQueue.java:709)
	at java.awt.EventQueue$3.run(EventQueue.java:703)
	at java.security.AccessController.doPrivileged(Native Method)
	at java.security.ProtectionDomain$JavaSecurityAccessImpl.doIntersectionPrivilege(ProtectionDomain.java:80)
	at java.security.ProtectionDomain$JavaSecurityAccessImpl.doIntersectionPrivilege(ProtectionDomain.java:90)
	at java.awt.EventQueue$4.run(EventQueue.java:731)
	at java.awt.EventQueue$4.run(EventQueue.java:729)
	at java.security.AccessController.doPrivileged(Native Method)
	at java.security.ProtectionDomain$JavaSecurityAccessImpl.doIntersectionPrivilege(ProtectionDomain.java:80)
	at java.awt.EventQueue.dispatchEvent(EventQueue.java:728)
	at com.intellij.ide.IdeEventQueue.defaultDispatchEvent(IdeEventQueue.java:822)
	at com.intellij.ide.IdeEventQueue._dispatchEvent(IdeEventQueue.java:650)
	at com.intellij.ide.IdeEventQueue.dispatchEvent(IdeEventQueue.java:366)
	at java.awt.EventDispatchThread.pumpOneEventForFilters(EventDispatchThread.java:201)
	at java.awt.EventDispatchThread.pumpEventsForFilter(EventDispatchThread.java:116)
	at java.awt.EventDispatchThread.pumpEventsForHierarchy(EventDispatchThread.java:105)
	at java.awt.EventDispatchThread.pumpEvents(EventDispatchThread.java:101)
	at java.awt.EventDispatchThread.pumpEvents(EventDispatchThread.java:93)
	at java.awt.EventDispatchThread.run(EventDispatchThread.java:82)
Caused by: com.intellij.util.IncorrectOperationException: Sorry but parent: Application (Internal) is being disposed so the child: Document commit thread; application: Application (Internal); isDisposed: false; myEnabled: false will never be disposed
	at com.intellij.openapi.util.objectTree.ObjectTree.register(ObjectTree.java:75)
	at com.intellij.openapi.util.Disposer.register(Disposer.java:97)
	at com.intellij.openapi.util.Disposer.register(Disposer.java:93)
	at com.intellij.openapi.components.impl.ServiceManagerImpl$MyComponentAdapter.getComponentInstance(ServiceManagerImpl.java:222)
	at com.intellij.util.pico.DefaultPicoContainer.getLocalInstance(DefaultPicoContainer.java:239)
	at com.intellij.util.pico.DefaultPicoContainer.getComponentInstance(DefaultPicoContainer.java:206)
	at sun.reflect.NativeMethodAccessorImpl.invoke0(Native Method)
	at sun.reflect.NativeMethodAccessorImpl.invoke(NativeMethodAccessorImpl.java:62)
	at sun.reflect.DelegatingMethodAccessorImpl.invoke(DelegatingMethodAccessorImpl.java:43)
	at java.lang.reflect.Method.invoke(Method.java:498)
	at org.picocontainer.defaults.ImmutablePicoContainerProxyFactory.invoke(ImmutablePicoContainerProxyFactory.java:73)
	at com.sun.proxy.$Proxy54.getComponentInstance(Unknown Source)
	at com.intellij.util.pico.DefaultPicoContainer.getComponentInstance(DefaultPicoContainer.java:211)
	at org.picocontainer.defaults.BasicComponentParameter.resolveInstance(BasicComponentParameter.java:77)
	at org.picocontainer.defaults.ComponentParameter.resolveInstance(ComponentParameter.java:114)
	at com.intellij.util.pico.CachingConstructorInjectionComponentAdapter.getConstructorArguments(CachingConstructorInjectionComponentAdapter.java:129)
	at com.intellij.util.pico.CachingConstructorInjectionComponentAdapter.doGetComponentInstance(CachingConstructorInjectionComponentAdapter.java:100)
	at com.intellij.util.pico.CachingConstructorInjectionComponentAdapter.instantiateGuarded(CachingConstructorInjectionComponentAdapter.java:80)
	at com.intellij.util.pico.CachingConstructorInjectionComponentAdapter.getComponentInstance(CachingConstructorInjectionComponentAdapter.java:63)
	at com.intellij.openapi.components.impl.ComponentManagerImpl$ComponentConfigComponentAdapter.getComponentInstance(ComponentManagerImpl.java:474)
	... 71 more
2018-01-15 11:17:27,537 [  42691]  ERROR - llij.ide.plugins.PluginManager - IntelliJ IDEA 2017.3.2  Build #IC-173.4127.27 
2018-01-15 11:17:27,537 [  42691]  ERROR - llij.ide.plugins.PluginManager - JDK: 1.8.0_152 
2018-01-15 11:17:27,538 [  42692]  ERROR - llij.ide.plugins.PluginManager - VM: Java HotSpot(TM) 64-Bit Server VM 
2018-01-15 11:17:27,538 [  42692]  ERROR - llij.ide.plugins.PluginManager - Vendor: Oracle Corporation 
2018-01-15 11:17:27,538 [  42692]  ERROR - llij.ide.plugins.PluginManager - OS: Linux 
2018-01-15 11:17:27,538 [  42692]  ERROR - llij.ide.plugins.PluginManager - Last Action:  
2018-01-15 11:17:29,649 [  44803]   INFO - stubs.SerializationManagerImpl - START StubSerializationManager SHUTDOWN 
2018-01-15 11:17:29,653 [  44807]   INFO - stubs.SerializationManagerImpl - END StubSerializationManager SHUTDOWN 
2018-01-15 11:17:29,656 [  44810]   INFO - il.indexing.FileBasedIndexImpl - START INDEX SHUTDOWN 
2018-01-15 11:17:30,181 [  45335]   INFO - il.indexing.FileBasedIndexImpl - END INDEX SHUTDOWN 
2018-01-15 11:17:30,204 [  45358]   INFO - org.jetbrains.io.BuiltInServer - web server stopped 
2018-01-15 11:17:30,216 [  45370]   INFO - .openapi.application.Preloader - Finished preloading com.intellij.openapi.actionSystem.impl.ActionPreloader@fff73e1 
2018-01-15 11:17:30,217 [  45371]   INFO - Types.impl.FileTypeManagerImpl - FileTypeManager: 0 auto-detected files
Elapsed time on auto-detect: 0 ms 
2018-01-15 11:17:30,234 [  45388]   INFO - pl.local.NativeFileWatcherImpl - Watcher terminated with exit code 0 
2018-01-15 11:17:30,240 [  45394]   INFO - newvfs.persistent.PersistentFS - VFS dispose started 
2018-01-15 11:17:30,263 [  45417]   INFO - newvfs.persistent.PersistentFS - VFS dispose completed 
2018-01-15 11:17:30,277 [  45431]   INFO - plication.impl.ApplicationImpl - Write action Statistics:
Event number:     3
Total time spent: 619ms
Average duration: 206ms
Median  duration: 0ms
Max  duration:    611ms (it was 'write action (class com.intellij.configurationStore.FileBasedStorageKt$doWrite$$inlined$runUndoTransparentWriteAction$1$1)') 
2018-01-15 11:17:30,279 [  45433]   INFO - plication.impl.ApplicationImpl - AnAction.update() Statistics:
Event number:     0
Total time spent: 0ms
Average duration: 0ms
Median  duration: 0ms
Max  duration:    0ms (it was 'null') 
2018-01-15 11:17:30,279 [  45433]   INFO - plication.impl.ApplicationImpl - Global instance threads created counter = 6; ProcessIOExecutorService threads: 6 
2018-01-15 11:17:30,280 [  45434]  ERROR - api.util.objectTree.ObjectTree - Memory leak detected: 'Document commit thread; application: Application (Disposed) (Internal); isDisposed: false; myEnabled: false' of class com.intellij.psi.impl.DocumentCommitThread
See the cause for the corresponding Disposer.register() stacktrace:
 
java.lang.RuntimeException: Memory leak detected: 'Document commit thread; application: Application (Disposed) (Internal); isDisposed: false; myEnabled: false' of class com.intellij.psi.impl.DocumentCommitThread
See the cause for the corresponding Disposer.register() stacktrace:

	at com.intellij.openapi.util.objectTree.ObjectTree.assertIsEmpty(ObjectTree.java:232)
	at com.intellij.openapi.util.Disposer.assertIsEmpty(Disposer.java:146)
	at com.intellij.openapi.util.Disposer.assertIsEmpty(Disposer.java:142)
	at com.intellij.openapi.application.impl.ApplicationImpl.disposeSelf(ApplicationImpl.java:256)
	at com.intellij.openapi.application.impl.ApplicationImpl.doExit(ApplicationImpl.java:782)
	at com.intellij.openapi.application.impl.ApplicationImpl.exit(ApplicationImpl.java:758)
	at com.intellij.openapi.application.impl.ApplicationImpl.exit(ApplicationImpl.java:747)
	at com.intellij.openapi.application.impl.ApplicationImpl.exit(ApplicationImpl.java:724)
	at com.intellij.openapi.application.impl.ApplicationImpl.exit(ApplicationImpl.java:719)
	at com.intellij.openapi.wm.impl.welcomeScreen.WelcomeFrame$3.windowClosing(WelcomeFrame.java:120)
	at java.awt.AWTEventMulticaster.windowClosing(AWTEventMulticaster.java:349)
	at java.awt.AWTEventMulticaster.windowClosing(AWTEventMulticaster.java:349)
	at java.awt.Window.processWindowEvent(Window.java:2054)
	at javax.swing.JFrame.processWindowEvent(JFrame.java:305)
	at java.awt.Window.processEvent(Window.java:2013)
	at java.awt.Component.dispatchEventImpl(Component.java:4889)
	at java.awt.Container.dispatchEventImpl(Container.java:2295)
	at java.awt.Window.dispatchEventImpl(Window.java:2746)
	at java.awt.Component.dispatchEvent(Component.java:4711)
	at java.awt.EventQueue.dispatchEventImpl(EventQueue.java:758)
	at java.awt.EventQueue.access$500(EventQueue.java:97)
	at java.awt.EventQueue$3.run(EventQueue.java:709)
	at java.awt.EventQueue$3.run(EventQueue.java:703)
	at java.security.AccessController.doPrivileged(Native Method)
	at java.security.ProtectionDomain$JavaSecurityAccessImpl.doIntersectionPrivilege(ProtectionDomain.java:80)
	at java.security.ProtectionDomain$JavaSecurityAccessImpl.doIntersectionPrivilege(ProtectionDomain.java:90)
	at java.awt.EventQueue$4.run(EventQueue.java:731)
	at java.awt.EventQueue$4.run(EventQueue.java:729)
	at java.security.AccessController.doPrivileged(Native Method)
	at java.security.ProtectionDomain$JavaSecurityAccessImpl.doIntersectionPrivilege(ProtectionDomain.java:80)
	at java.awt.EventQueue.dispatchEvent(EventQueue.java:728)
	at com.intellij.ide.IdeEventQueue.defaultDispatchEvent(IdeEventQueue.java:822)
	at com.intellij.ide.IdeEventQueue._dispatchEvent(IdeEventQueue.java:650)
	at com.intellij.ide.IdeEventQueue.dispatchEvent(IdeEventQueue.java:366)
	at java.awt.EventDispatchThread.pumpOneEventForFilters(EventDispatchThread.java:201)
	at java.awt.EventDispatchThread.pumpEventsForFilter(EventDispatchThread.java:116)
	at java.awt.EventDispatchThread.pumpEventsForHierarchy(EventDispatchThread.java:105)
	at java.awt.EventDispatchThread.pumpEvents(EventDispatchThread.java:101)
	at java.awt.EventDispatchThread.pumpEvents(EventDispatchThread.java:93)
	at java.awt.EventDispatchThread.run(EventDispatchThread.java:82)
Caused by: java.lang.Throwable
	at com.intellij.openapi.util.objectTree.ObjectNode.<init>(ObjectNode.java:56)
	at com.intellij.openapi.util.objectTree.ObjectTree.createNodeFor(ObjectTree.java:118)
	at com.intellij.openapi.util.objectTree.ObjectTree.register(ObjectTree.java:80)
	at com.intellij.openapi.util.Disposer.register(Disposer.java:97)
	at com.intellij.openapi.util.Disposer.register(Disposer.java:93)
	at com.intellij.util.concurrency.BoundedTaskExecutor.<init>(BoundedTaskExecutor.java:75)
	at com.intellij.psi.impl.DocumentCommitThread.<init>(DocumentCommitThread.java:68)
	at sun.reflect.NativeConstructorAccessorImpl.newInstance0(Native Method)
	at sun.reflect.NativeConstructorAccessorImpl.newInstance(NativeConstructorAccessorImpl.java:62)
	at sun.reflect.DelegatingConstructorAccessorImpl.newInstance(DelegatingConstructorAccessorImpl.java:45)
	at java.lang.reflect.Constructor.newInstance(Constructor.java:423)
	at org.picocontainer.defaults.InstantiatingComponentAdapter.newInstance(InstantiatingComponentAdapter.java:193)
	at com.intellij.util.pico.CachingConstructorInjectionComponentAdapter.doGetComponentInstance(CachingConstructorInjectionComponentAdapter.java:103)
	at com.intellij.util.pico.CachingConstructorInjectionComponentAdapter.instantiateGuarded(CachingConstructorInjectionComponentAdapter.java:80)
	at com.intellij.util.pico.CachingConstructorInjectionComponentAdapter.getComponentInstance(CachingConstructorInjectionComponentAdapter.java:63)
	at com.intellij.openapi.components.impl.ServiceManagerImpl$MyComponentAdapter.getComponentInstance(ServiceManagerImpl.java:220)
	at com.intellij.util.pico.DefaultPicoContainer.getLocalInstance(DefaultPicoContainer.java:239)
	at com.intellij.util.pico.DefaultPicoContainer.getComponentInstance(DefaultPicoContainer.java:206)
	at sun.reflect.NativeMethodAccessorImpl.invoke0(Native Method)
	at sun.reflect.NativeMethodAccessorImpl.invoke(NativeMethodAccessorImpl.java:62)
	at sun.reflect.DelegatingMethodAccessorImpl.invoke(DelegatingMethodAccessorImpl.java:43)
	at java.lang.reflect.Method.invoke(Method.java:498)
	at org.picocontainer.defaults.ImmutablePicoContainerProxyFactory.invoke(ImmutablePicoContainerProxyFactory.java:73)
	at com.sun.proxy.$Proxy54.getComponentInstance(Unknown Source)
	at com.intellij.util.pico.DefaultPicoContainer.getComponentInstance(DefaultPicoContainer.java:211)
	at org.picocontainer.defaults.BasicComponentParameter.resolveInstance(BasicComponentParameter.java:77)
	at org.picocontainer.defaults.ComponentParameter.resolveInstance(ComponentParameter.java:114)
	at com.intellij.util.pico.CachingConstructorInjectionComponentAdapter.getConstructorArguments(CachingConstructorInjectionComponentAdapter.java:129)
	at com.intellij.util.pico.CachingConstructorInjectionComponentAdapter.doGetComponentInstance(CachingConstructorInjectionComponentAdapter.java:100)
	at com.intellij.util.pico.CachingConstructorInjectionComponentAdapter.instantiateGuarded(CachingConstructorInjectionComponentAdapter.java:80)
	at com.intellij.util.pico.CachingConstructorInjectionComponentAdapter.getComponentInstance(CachingConstructorInjectionComponentAdapter.java:63)
	at com.intellij.openapi.components.impl.ComponentManagerImpl$ComponentConfigComponentAdapter.getComponentInstance(ComponentManagerImpl.java:474)
	at com.intellij.openapi.components.impl.ComponentManagerImpl.createComponents(ComponentManagerImpl.java:119)
	at com.intellij.openapi.components.impl.ComponentManagerImpl.init(ComponentManagerImpl.java:103)
	at com.intellij.openapi.components.impl.ComponentManagerImpl.init(ComponentManagerImpl.java:90)
	at com.intellij.openapi.project.impl.ProjectImpl.init(ProjectImpl.java:284)
	at com.intellij.openapi.project.impl.ProjectManagerImpl.initProject(ProjectManagerImpl.java:289)
	at com.intellij.openapi.project.impl.ProjectManagerImpl.lambda$getDefaultProject$4(ProjectManagerImpl.java:352)
	at com.intellij.openapi.progress.impl.CoreProgressManager.registerIndicatorAndRun(CoreProgressManager.java:543)
	at com.intellij.openapi.progress.impl.CoreProgressManager.executeProcessUnderProgress(CoreProgressManager.java:488)
	at com.intellij.openapi.progress.impl.ProgressManagerImpl.executeProcessUnderProgress(ProgressManagerImpl.java:94)
	at com.intellij.openapi.progress.impl.CoreProgressManager.executeNonCancelableSection(CoreProgressManager.java:185)
	at com.intellij.openapi.project.impl.ProjectManagerImpl.getDefaultProject(ProjectManagerImpl.java:349)
	at com.intellij.openapi.wm.impl.welcomeScreen.FlatWelcomeFrame.getProject(FlatWelcomeFrame.java:760)
	at com.intellij.openapi.wm.IdeFocusManager.findByComponent(IdeFocusManager.java:216)
	at com.intellij.openapi.wm.IdeFocusManager.findInstanceByComponent(IdeFocusManager.java:207)
	at com.intellij.openapi.wm.IdeFocusManager.findInstance(IdeFocusManager.java:233)
	at com.intellij.openapi.util.DimensionService.keyPair(DimensionService.java:285)
	at com.intellij.openapi.util.DimensionService.setLocation(DimensionService.java:121)
	at com.intellij.openapi.wm.impl.welcomeScreen.FlatWelcomeFrame.saveLocation(FlatWelcomeFrame.java:150)
	at com.intellij.openapi.wm.impl.welcomeScreen.FlatWelcomeFrame.dispose(FlatWelcomeFrame.java:135)
	at com.intellij.openapi.util.Disposer$1.execute(Disposer.java:48)
	at com.intellij.openapi.util.Disposer$1.execute(Disposer.java:44)
	at com.intellij.openapi.util.objectTree.ObjectNode$1.execute(ObjectNode.java:138)
	at com.intellij.openapi.util.objectTree.ObjectNode$1.execute(ObjectNode.java:107)
	at com.intellij.openapi.util.objectTree.ObjectTree.executeActionWithRecursiveGuard(ObjectTree.java:167)
	at com.intellij.openapi.util.objectTree.ObjectNode.execute(ObjectNode.java:107)
	at com.intellij.openapi.util.objectTree.ObjectNode$1.execute(ObjectNode.java:126)
	at com.intellij.openapi.util.objectTree.ObjectNode$1.execute(ObjectNode.java:107)
	at com.intellij.openapi.util.objectTree.ObjectTree.executeActionWithRecursiveGuard(ObjectTree.java:167)
	at com.intellij.openapi.util.objectTree.ObjectNode.execute(ObjectNode.java:107)
	at com.intellij.openapi.util.objectTree.ObjectTree.executeAll(ObjectTree.java:142)
	at com.intellij.openapi.util.Disposer.dispose(Disposer.java:129)
	at com.intellij.openapi.util.Disposer.dispose(Disposer.java:125)
	at com.intellij.openapi.application.impl.ApplicationImpl.lambda$disposeSelf$7(ApplicationImpl.java:254)
	at com.intellij.openapi.application.impl.ApplicationImpl.runWriteAction(ApplicationImpl.java:1003)
	at com.intellij.openapi.application.impl.ApplicationImpl.disposeSelf(ApplicationImpl.java:254)
	... 36 more
2018-01-15 11:17:30,282 [  45436]  ERROR - api.util.objectTree.ObjectTree - IntelliJ IDEA 2017.3.2  Build #IC-173.4127.27 
2018-01-15 11:17:30,284 [  45438]  ERROR - api.util.objectTree.ObjectTree - JDK: 1.8.0_152 
2018-01-15 11:17:30,284 [  45438]  ERROR - api.util.objectTree.ObjectTree - VM: Java HotSpot(TM) 64-Bit Server VM 
2018-01-15 11:17:30,284 [  45438]  ERROR - api.util.objectTree.ObjectTree - Vendor: Oracle Corporation 
2018-01-15 11:17:30,284 [  45438]  ERROR - api.util.objectTree.ObjectTree - OS: Linux 
2018-01-15 11:17:30,310 [  45464]   INFO -        #com.intellij.idea.Main - ------------------------------------------------------ IDE SHUTDOWN ------------------------------------------------------ 
2018-01-15 11:17:30,347 [  45501]   INFO - org.jetbrains.io.BuiltInServer - web server stopped 
